


ARM Macro Assembler    Page 1 


    1 00000000                 PRESERVE8
    2 00000000                 THUMB
    3 00000000         
    4 00000000         
    5 00000000         ; ====================== zone de réservation de données,
                         ======================================
    6 00000000         ;Section RAM (read only) :
    7 00000000                 area             mesdata,data,readonly
    8 00000000         
    9 00000000         
   10 00000000         ;Section RAM (read write):
   11 00000000                 area             maram,data,readwrite
   12 00000000         
   13 00000000         
   14 00000000         
   15 00000000         ; ======================================================
                       =========================================
   16 00000000         
   17 00000000         
   18 00000000         
   19 00000000         
   20 00000000         ;Section ROM code (read only) :  
   21 00000000                 area             moncode,code,readonly
   22 00000000         ; écrire le code ici  
   23 00000000         
   24 00000000         
   25 00000000                 export           DFT_ModuleAuCarre
   26 00000000         ;int DFT_ModuleAuCarre( short int * Signal64ech, char k)
                        ;
   27 00000000         
   28 00000000         DFT_ModuleAuCarre
                               proc
   29 00000000         ;on prend de la plaaaace
   30 00000000 B500            push             {lr}
   31 00000002 B410            push             {r4}
   32 00000004 B420            push             {r5}
   33 00000006 B440            push             {r6}
   34 00000008 B480            push             {r7}
   35 0000000A F84D 8D04       push             {r8}
   36 0000000E F84D 9D04       push             {r9}
   37 00000012 F84D AD04       push             {r10}
   38 00000016         ; à faire
   39 00000016         ;partie réelle:
   40 00000016         ;somme de 0 à M-1 de' x(n)*cos(2 pi/M * k*n)'
   41 00000016         
   42 00000016         ;index=0
   43 00000016 F04F 0300       mov              r3,#0
   44 0000001A         ;notre somme
   45 0000001A F04F 0800       mov              r8,#0
   46 0000001E F04F 0900       mov              r9,#0
   47 00000022 4C1A            ldr              r4,=TabCos
   48 00000024 F8DF 9068       ldr              r9,=TabSin
   49 00000028 F04F 0600       mov              r6,#0
   50 0000002C 4409            add              r1,r1
   51 0000002E F04F 0700       mov              r7,#0
   52 00000032 F04F 0A00       mov              r10,#0
   53 00000036         DEBUT
   54 00000036         ;r2=Signal[index]
   55 00000036 5F82            ldrsh            r2,[r0,r6]



ARM Macro Assembler    Page 2 


   56 00000038         ;r5=TabCos[index]
   57 00000038 5EE5            ldrsh            r5,[r4,r3]
   58 0000003A         ;cos*signal
   59 0000003A FB05 F502       mul              r5,r2
   60 0000003E         ;somme+=cos*signal
   61 0000003E 44A8            add              r8,r5
   62 00000040         ;adc r8,r5
   63 00000040         ;bcc nocarry
   64 00000040         ;add r9,#1
   65 00000040         ;nocarry 
   66 00000040         
   67 00000040         
   68 00000040         
   69 00000040 F939 5003       ldrsh            r5,[r9,r3]
   70 00000044 FB02 F205       mul              r2,r5
   71 00000048 EB47 0702       adc              r7,r2
   72 0000004C         ;bcc nocarryII
   73 0000004C         ;add r10,#1
   74 0000004C         ;nocarryII 
   75 0000004C         
   76 0000004C 440B            add              r3,r1
   77 0000004E 2B80            cmp              r3,#128
   78 00000050 D401            bmi              SUITE
   79 00000052 F1A3 0380       sub              r3,#128
   80 00000056         SUITE
   81 00000056         
   82 00000056 F106 0602       add              r6,#2
   83 0000005A 2E80            cmp              r6,#128
   84 0000005C D1EB            bne              DEBUT
   85 0000005E         
   86 0000005E FB88 1008       smull            r1,r0,r8,r8
   87 00000062 FB87 3207       smull            r3,r2,r7,r7
   88 00000066 EB41 0103       adc              r1,r3
   89 0000006A D301            bcc              nocarri
   90 0000006C F100 0001       add              r0,#1
   91 00000070         nocarri
   92 00000070 4410            add              r0,r2
   93 00000072         
   94 00000072 F85D AB04       pop              {r10}
   95 00000076 F85D 9B04       pop              {r9}
   96 0000007A F85D 8B04       pop              {r8}
   97 0000007E BC80            pop              {r7}
   98 00000080 BC40            pop              {r6}
   99 00000082 BC20            pop              {r5}
  100 00000084 BC10            pop              {r4}
  101 00000086 F85D EB04       pop              {lr}
  102 0000008A 4770            bx               lr
  103 0000008C                 endp
  104 0000008C         
  105 0000008C         
  106 0000008C         ;Section ROM code (read only) :  
  107 0000008C 00000000 
              00000000         AREA             Trigo, DATA, READONLY
  108 00000000         ; codage fractionnaire 1.15
  109 00000000         
  110 00000000         TabCos
  111 00000000 FF 7F           DCW              32767       ;  0 0x7fff  0.9999
                                                            7
  112 00000002 62 7F           DCW              32610       ;  1 0x7f62  0.9951



ARM Macro Assembler    Page 3 


                                                            8
  113 00000004 8A 7D           DCW              32138       ;  2 0x7d8a  0.9807
                                                            7
  114 00000006 7D 7A           DCW              31357       ;  3 0x7a7d  0.9569
                                                            4
  115 00000008 42 76           DCW              30274       ;  4 0x7642  0.9238
                                                            9
  116 0000000A E3 70           DCW              28899       ;  5 0x70e3  0.8819
                                                            3
  117 0000000C 6E 6A           DCW              27246       ;  6 0x6a6e  0.8314
                                                            8
  118 0000000E F2 62           DCW              25330       ;  7 0x62f2  0.7730
                                                            1
  119 00000010 82 5A           DCW              23170       ;  8 0x5a82  0.7070
                                                            9
  120 00000012 34 51           DCW              20788       ;  9 0x5134  0.6344
                                                            0
  121 00000014 1D 47           DCW              18205       ; 10 0x471d  0.5555
                                                            7
  122 00000016 57 3C           DCW              15447       ; 11 0x3c57  0.4714
                                                            1
  123 00000018 FC 30           DCW              12540       ; 12 0x30fc  0.3826
                                                            9
  124 0000001A 28 25           DCW              9512        ; 13 0x2528  0.2902
                                                            8
  125 0000001C F9 18           DCW              6393        ; 14 0x18f9  0.1951
                                                            0
  126 0000001E 8C 0C           DCW              3212        ; 15 0x0c8c  0.0980
                                                            2
  127 00000020 00 00           DCW              0           ; 16 0x0000  0.0000
                                                            0
  128 00000022 74 F3           DCW              -3212       ; 17 0xf374 -0.0980
                                                            2
  129 00000024 07 E7           DCW              -6393       ; 18 0xe707 -0.1951
                                                            0
  130 00000026 D8 DA           DCW              -9512       ; 19 0xdad8 -0.2902
                                                            8
  131 00000028 04 CF           DCW              -12540      ; 20 0xcf04 -0.3826
                                                            9
  132 0000002A A9 C3           DCW              -15447      ; 21 0xc3a9 -0.4714
                                                            1
  133 0000002C E3 B8           DCW              -18205      ; 22 0xb8e3 -0.5555
                                                            7
  134 0000002E CC AE           DCW              -20788      ; 23 0xaecc -0.6344
                                                            0
  135 00000030 7E A5           DCW              -23170      ; 24 0xa57e -0.7070
                                                            9
  136 00000032 0E 9D           DCW              -25330      ; 25 0x9d0e -0.7730
                                                            1
  137 00000034 92 95           DCW              -27246      ; 26 0x9592 -0.8314
                                                            8
  138 00000036 1D 8F           DCW              -28899      ; 27 0x8f1d -0.8819
                                                            3
  139 00000038 BE 89           DCW              -30274      ; 28 0x89be -0.9238
                                                            9
  140 0000003A 83 85           DCW              -31357      ; 29 0x8583 -0.9569
                                                            4
  141 0000003C 76 82           DCW              -32138      ; 30 0x8276 -0.9807
                                                            7



ARM Macro Assembler    Page 4 


  142 0000003E 9E 80           DCW              -32610      ; 31 0x809e -0.9951
                                                            8
  143 00000040 00 80           DCW              -32768      ; 32 0x8000 -1.0000
                                                            0
  144 00000042 9E 80           DCW              -32610      ; 33 0x809e -0.9951
                                                            8
  145 00000044 76 82           DCW              -32138      ; 34 0x8276 -0.9807
                                                            7
  146 00000046 83 85           DCW              -31357      ; 35 0x8583 -0.9569
                                                            4
  147 00000048 BE 89           DCW              -30274      ; 36 0x89be -0.9238
                                                            9
  148 0000004A 1D 8F           DCW              -28899      ; 37 0x8f1d -0.8819
                                                            3
  149 0000004C 92 95           DCW              -27246      ; 38 0x9592 -0.8314
                                                            8
  150 0000004E 0E 9D           DCW              -25330      ; 39 0x9d0e -0.7730
                                                            1
  151 00000050 7E A5           DCW              -23170      ; 40 0xa57e -0.7070
                                                            9
  152 00000052 CC AE           DCW              -20788      ; 41 0xaecc -0.6344
                                                            0
  153 00000054 E3 B8           DCW              -18205      ; 42 0xb8e3 -0.5555
                                                            7
  154 00000056 A9 C3           DCW              -15447      ; 43 0xc3a9 -0.4714
                                                            1
  155 00000058 04 CF           DCW              -12540      ; 44 0xcf04 -0.3826
                                                            9
  156 0000005A D8 DA           DCW              -9512       ; 45 0xdad8 -0.2902
                                                            8
  157 0000005C 07 E7           DCW              -6393       ; 46 0xe707 -0.1951
                                                            0
  158 0000005E 74 F3           DCW              -3212       ; 47 0xf374 -0.0980
                                                            2
  159 00000060 00 00           DCW              0           ; 48 0x0000  0.0000
                                                            0
  160 00000062 8C 0C           DCW              3212        ; 49 0x0c8c  0.0980
                                                            2
  161 00000064 F9 18           DCW              6393        ; 50 0x18f9  0.1951
                                                            0
  162 00000066 28 25           DCW              9512        ; 51 0x2528  0.2902
                                                            8
  163 00000068 FC 30           DCW              12540       ; 52 0x30fc  0.3826
                                                            9
  164 0000006A 57 3C           DCW              15447       ; 53 0x3c57  0.4714
                                                            1
  165 0000006C 1D 47           DCW              18205       ; 54 0x471d  0.5555
                                                            7
  166 0000006E 34 51           DCW              20788       ; 55 0x5134  0.6344
                                                            0
  167 00000070 82 5A           DCW              23170       ; 56 0x5a82  0.7070
                                                            9
  168 00000072 F2 62           DCW              25330       ; 57 0x62f2  0.7730
                                                            1
  169 00000074 6E 6A           DCW              27246       ; 58 0x6a6e  0.8314
                                                            8
  170 00000076 E3 70           DCW              28899       ; 59 0x70e3  0.8819
                                                            3
  171 00000078 42 76           DCW              30274       ; 60 0x7642  0.9238



ARM Macro Assembler    Page 5 


                                                            9
  172 0000007A 7D 7A           DCW              31357       ; 61 0x7a7d  0.9569
                                                            4
  173 0000007C 8A 7D           DCW              32138       ; 62 0x7d8a  0.9807
                                                            7
  174 0000007E 62 7F           DCW              32610       ; 63 0x7f62  0.9951
                                                            8
  175 00000080         
  176 00000080         TabSin
  177 00000080 00 00           DCW              0           ;  0 0x0000  0.0000
                                                            0
  178 00000082 8C 0C           DCW              3212        ;  1 0x0c8c  0.0980
                                                            2
  179 00000084 F9 18           DCW              6393        ;  2 0x18f9  0.1951
                                                            0
  180 00000086 28 25           DCW              9512        ;  3 0x2528  0.2902
                                                            8
  181 00000088 FC 30           DCW              12540       ;  4 0x30fc  0.3826
                                                            9
  182 0000008A 57 3C           DCW              15447       ;  5 0x3c57  0.4714
                                                            1
  183 0000008C 1D 47           DCW              18205       ;  6 0x471d  0.5555
                                                            7
  184 0000008E 34 51           DCW              20788       ;  7 0x5134  0.6344
                                                            0
  185 00000090 82 5A           DCW              23170       ;  8 0x5a82  0.7070
                                                            9
  186 00000092 F2 62           DCW              25330       ;  9 0x62f2  0.7730
                                                            1
  187 00000094 6E 6A           DCW              27246       ; 10 0x6a6e  0.8314
                                                            8
  188 00000096 E3 70           DCW              28899       ; 11 0x70e3  0.8819
                                                            3
  189 00000098 42 76           DCW              30274       ; 12 0x7642  0.9238
                                                            9
  190 0000009A 7D 7A           DCW              31357       ; 13 0x7a7d  0.9569
                                                            4
  191 0000009C 8A 7D           DCW              32138       ; 14 0x7d8a  0.9807
                                                            7
  192 0000009E 62 7F           DCW              32610       ; 15 0x7f62  0.9951
                                                            8
  193 000000A0 FF 7F           DCW              32767       ; 16 0x7fff  0.9999
                                                            7
  194 000000A2 62 7F           DCW              32610       ; 17 0x7f62  0.9951
                                                            8
  195 000000A4 8A 7D           DCW              32138       ; 18 0x7d8a  0.9807
                                                            7
  196 000000A6 7D 7A           DCW              31357       ; 19 0x7a7d  0.9569
                                                            4
  197 000000A8 42 76           DCW              30274       ; 20 0x7642  0.9238
                                                            9
  198 000000AA E3 70           DCW              28899       ; 21 0x70e3  0.8819
                                                            3
  199 000000AC 6E 6A           DCW              27246       ; 22 0x6a6e  0.8314
                                                            8
  200 000000AE F2 62           DCW              25330       ; 23 0x62f2  0.7730
                                                            1
  201 000000B0 82 5A           DCW              23170       ; 24 0x5a82  0.7070
                                                            9



ARM Macro Assembler    Page 6 


  202 000000B2 34 51           DCW              20788       ; 25 0x5134  0.6344
                                                            0
  203 000000B4 1D 47           DCW              18205       ; 26 0x471d  0.5555
                                                            7
  204 000000B6 57 3C           DCW              15447       ; 27 0x3c57  0.4714
                                                            1
  205 000000B8 FC 30           DCW              12540       ; 28 0x30fc  0.3826
                                                            9
  206 000000BA 28 25           DCW              9512        ; 29 0x2528  0.2902
                                                            8
  207 000000BC F9 18           DCW              6393        ; 30 0x18f9  0.1951
                                                            0
  208 000000BE 8C 0C           DCW              3212        ; 31 0x0c8c  0.0980
                                                            2
  209 000000C0 00 00           DCW              0           ; 32 0x0000  0.0000
                                                            0
  210 000000C2 74 F3           DCW              -3212       ; 33 0xf374 -0.0980
                                                            2
  211 000000C4 07 E7           DCW              -6393       ; 34 0xe707 -0.1951
                                                            0
  212 000000C6 D8 DA           DCW              -9512       ; 35 0xdad8 -0.2902
                                                            8
  213 000000C8 04 CF           DCW              -12540      ; 36 0xcf04 -0.3826
                                                            9
  214 000000CA A9 C3           DCW              -15447      ; 37 0xc3a9 -0.4714
                                                            1
  215 000000CC E3 B8           DCW              -18205      ; 38 0xb8e3 -0.5555
                                                            7
  216 000000CE CC AE           DCW              -20788      ; 39 0xaecc -0.6344
                                                            0
  217 000000D0 7E A5           DCW              -23170      ; 40 0xa57e -0.7070
                                                            9
  218 000000D2 0E 9D           DCW              -25330      ; 41 0x9d0e -0.7730
                                                            1
  219 000000D4 92 95           DCW              -27246      ; 42 0x9592 -0.8314
                                                            8
  220 000000D6 1D 8F           DCW              -28899      ; 43 0x8f1d -0.8819
                                                            3
  221 000000D8 BE 89           DCW              -30274      ; 44 0x89be -0.9238
                                                            9
  222 000000DA 83 85           DCW              -31357      ; 45 0x8583 -0.9569
                                                            4
  223 000000DC 76 82           DCW              -32138      ; 46 0x8276 -0.9807
                                                            7
  224 000000DE 9E 80           DCW              -32610      ; 47 0x809e -0.9951
                                                            8
  225 000000E0 00 80           DCW              -32768      ; 48 0x8000 -1.0000
                                                            0
  226 000000E2 9E 80           DCW              -32610      ; 49 0x809e -0.9951
                                                            8
  227 000000E4 76 82           DCW              -32138      ; 50 0x8276 -0.9807
                                                            7
  228 000000E6 83 85           DCW              -31357      ; 51 0x8583 -0.9569
                                                            4
  229 000000E8 BE 89           DCW              -30274      ; 52 0x89be -0.9238
                                                            9
  230 000000EA 1D 8F           DCW              -28899      ; 53 0x8f1d -0.8819
                                                            3
  231 000000EC 92 95           DCW              -27246      ; 54 0x9592 -0.8314



ARM Macro Assembler    Page 7 


                                                            8
  232 000000EE 0E 9D           DCW              -25330      ; 55 0x9d0e -0.7730
                                                            1
  233 000000F0 7E A5           DCW              -23170      ; 56 0xa57e -0.7070
                                                            9
  234 000000F2 CC AE           DCW              -20788      ; 57 0xaecc -0.6344
                                                            0
  235 000000F4 E3 B8           DCW              -18205      ; 58 0xb8e3 -0.5555
                                                            7
  236 000000F6 A9 C3           DCW              -15447      ; 59 0xc3a9 -0.4714
                                                            1
  237 000000F8 04 CF           DCW              -12540      ; 60 0xcf04 -0.3826
                                                            9
  238 000000FA D8 DA           DCW              -9512       ; 61 0xdad8 -0.2902
                                                            8
  239 000000FC 07 E7           DCW              -6393       ; 62 0xe707 -0.1951
                                                            0
  240 000000FE 74 F3           DCW              -3212       ; 63 0xf374 -0.0980
                                                            2
  241 00000100         
  242 00000100         
  243 00000100         
  244 00000100         
  245 00000100                 END
Command Line: --debug --xref --diag_suppress=9931 --cpu=Cortex-M3 --apcs=interw
ork --depend=.\obj\dft.d -o.\obj\dft.o -I.\RTE\_CibleSondeKEIL -IC:\Programdata
\Keil\Arm\Packs\ARM\CMSIS\5.7.0\CMSIS\Core\Include -IC:\Programdata\Keil\Arm\Pa
cks\Keil\STM32F1xx_DFP\2.3.0\Device\Include --predefine="__EVAL SETA 1" --prede
fine="__MICROLIB SETA 1" --predefine="__UVISION_VERSION SETA 530" --predefine="
_RTE_ SETA 1" --predefine="STM32F10X_MD SETA 1" --predefine="_RTE_ SETA 1" --li
st=dft.lst Src\DFT.s



ARM Macro Assembler    Page 1 Alphabetic symbol ordering
Relocatable symbols

mesdata 00000000

Symbol: mesdata
   Definitions
      At line 7 in file Src\DFT.s
   Uses
      None
Comment: mesdata unused
1 symbol



ARM Macro Assembler    Page 1 Alphabetic symbol ordering
Relocatable symbols

maram 00000000

Symbol: maram
   Definitions
      At line 11 in file Src\DFT.s
   Uses
      None
Comment: maram unused
1 symbol



ARM Macro Assembler    Page 1 Alphabetic symbol ordering
Relocatable symbols

DEBUT 00000036

Symbol: DEBUT
   Definitions
      At line 53 in file Src\DFT.s
   Uses
      At line 84 in file Src\DFT.s
Comment: DEBUT used once
DFT_ModuleAuCarre 00000000

Symbol: DFT_ModuleAuCarre
   Definitions
      At line 28 in file Src\DFT.s
   Uses
      At line 25 in file Src\DFT.s
Comment: DFT_ModuleAuCarre used once
SUITE 00000056

Symbol: SUITE
   Definitions
      At line 80 in file Src\DFT.s
   Uses
      At line 78 in file Src\DFT.s
Comment: SUITE used once
moncode 00000000

Symbol: moncode
   Definitions
      At line 21 in file Src\DFT.s
   Uses
      None
Comment: moncode unused
nocarri 00000070

Symbol: nocarri
   Definitions
      At line 91 in file Src\DFT.s
   Uses
      At line 89 in file Src\DFT.s
Comment: nocarri used once
5 symbols



ARM Macro Assembler    Page 1 Alphabetic symbol ordering
Relocatable symbols

TabCos 00000000

Symbol: TabCos
   Definitions
      At line 110 in file Src\DFT.s
   Uses
      At line 47 in file Src\DFT.s
Comment: TabCos used once
TabSin 00000080

Symbol: TabSin
   Definitions
      At line 176 in file Src\DFT.s
   Uses
      At line 48 in file Src\DFT.s
Comment: TabSin used once
Trigo 00000000

Symbol: Trigo
   Definitions
      At line 107 in file Src\DFT.s
   Uses
      None
Comment: Trigo unused
3 symbols
347 symbols in table
