


ARM Macro Assembler    Page 1 


    1 00000000                 PRESERVE8
    2 00000000                 THUMB
    3 00000000         
    4 00000000         
    5 00000000         ; ====================== zone de réservation de données,
                         ======================================
    6 00000000         ;Section RAM (read only) :
    7 00000000                 area             mesdata,data,readonly
    8 00000000         
    9 00000000         
   10 00000000         ;Section RAM (read write):
   11 00000000                 area             maram,data,readwrite
   12 00000000         
   13 00000000         
   14 00000000         ;short SortieSon;
   15 00000000 00 00   SortieSon
                               dcw              0
   16 00000002                 EXPORT           SortieSon   ;DIRECTIVES DOIVENT
                                                             ETRE DECALEES!
   17 00000002         ;int index_son=0;
   18 00000002 00 00 00000000 
                       index   dcd              0
   19 00000008                 EXPORT           index
   20 00000008         
   21 00000008         
   22 00000008         ; ======================================================
                       =========================================
   23 00000008         ;short SortieSon;
   24 00000008         ;int index_son=0;
   25 00000008         ;void callback_son(void){
   26 00000008         ; if(index==LongueurSon)
   27 00000008         ;  index=0;
   28 00000008         ; SortieSon=((son[index_son]+32768)*719)/(32768*2);
   29 00000008         ; index_son++;
   30 00000008         ; PWM(SortieSon);
   31 00000008         ;}
   32 00000008         
   33 00000008         
   34 00000008         ;Section ROM code (read only) :  
   35 00000008                 area             moncode,code,readonly
   36 00000000         ; écrire le code ici  
   37 00000000         
   38 00000000         
   39 00000000         
   40 00000000                 import           Son
   41 00000000                 import           LongueurSon
   42 00000000                 import           PWM_Set_Value_TIM3_Ch3
   43 00000000         
   44 00000000                 export           start_son
   45 00000000         start_son
                               proc
   46 00000000 4A13            ldr              r2,=index
   47 00000002 F04F 0100       mov              r1,#0
   48 00000006 6011            str              r1,[r2]
   49 00000008 4770            bx               lr
   50 0000000A                 endp
   51 0000000A         
   52 0000000A         ;void callback_son(void){
   53 0000000A                 EXPORT           callback_son



ARM Macro Assembler    Page 2 


   54 0000000A         callback_son
                               proc
   55 0000000A         
   56 0000000A B500            push             {lr}
   57 0000000C B420            push{r5}
   58 0000000E B410            push{r4}
   59 00000010         ;récupère les adresses des variables
   60 00000010 4810            ldr              r0,=Son
   61 00000012 4911            ldr              r1,=SortieSon
   62 00000014 4A0E            ldr              r2,=index
   63 00000016         
   64 00000016         ; SortieSon=((son[index_son]+32768)*719)/(32768*2);
   65 00000016         ;if(index==LongueurSon)
   66 00000016 6813            ldr              r3,[r2]
   67 00000018 4C10            ldr              r4,=LongueurSon
   68 0000001A 6824            ldr              r4,[r4]
   69 0000001C 42A3            cmp              r3,r4
   70 0000001E         ; index=0;
   71 0000001E D012            beq              SUITE
   72 00000020         
   73 00000020         ;réucpère son[index_son]
   74 00000020 EA4F 0543       lsl              r5,r3,#1
   75 00000024         
   76 00000024         ; signé taille limité
   77 00000024 5F44            ldrsh            r4,[r0,r5]
   78 00000026         ; reformatage des valeurs
   79 00000026 F44F 4500       ldr              r5,=32768
   80 0000002A 442C            add              r4,r5
   81 0000002C F240 25CF       mov              r5,#719
   82 00000030 FB04 F405       mul              r4,r5
   83 00000034         ;décalage pour diviser
   84 00000034 EA4F 4424       asr              r4,#16
   85 00000038         ; stockage en memoire
   86 00000038 600C            str              r4,[r1]
   87 0000003A         
   88 0000003A         ; index_son++; 
   89 0000003A F103 0301       add              r3,#1
   90 0000003E 6013            str              r3,[r2]
   91 00000040         
   92 00000040         ; PWM(SortieSon);
   93 00000040 4620            mov              r0,r4
   94 00000042 F7FF FFFE       bl               PWM_Set_Value_TIM3_Ch3
   95 00000046         
   96 00000046         ;}
   97 00000046         SUITE
   98 00000046 BC10            pop{r4}
   99 00000048 BC20            pop{r5}
  100 0000004A F85D EB04       pop              {lr}
  101 0000004E 4770            bx               lr
  102 00000050                 endp
  103 00000050         
  104 00000050         
  105 00000050                 END
              00000000 
              00000000 
              00000000 
              00000000 
Command Line: --debug --xref --diag_suppress=9931 --cpu=Cortex-M3 --apcs=interw
ork --depend=.\obj\gestionson.d -o.\obj\gestionson.o -I.\RTE\_Simu -IC:\Program



ARM Macro Assembler    Page 3 


data\Keil\Arm\Packs\ARM\CMSIS\5.7.0\CMSIS\Core\Include -IC:\Programdata\Keil\Ar
m\Packs\Keil\STM32F1xx_DFP\2.3.0\Device\Include --predefine="__EVAL SETA 1" --p
redefine="__MICROLIB SETA 1" --predefine="__UVISION_VERSION SETA 530" --predefi
ne="_RTE_ SETA 1" --predefine="STM32F10X_MD SETA 1" --predefine="_RTE_ SETA 1" 
--list=gestionson.lst Src\GestionSon.s



ARM Macro Assembler    Page 1 Alphabetic symbol ordering
Relocatable symbols

mesdata 00000000

Symbol: mesdata
   Definitions
      At line 7 in file Src\GestionSon.s
   Uses
      None
Comment: mesdata unused
1 symbol



ARM Macro Assembler    Page 1 Alphabetic symbol ordering
Relocatable symbols

SortieSon 00000000

Symbol: SortieSon
   Definitions
      At line 15 in file Src\GestionSon.s
   Uses
      At line 16 in file Src\GestionSon.s
      At line 61 in file Src\GestionSon.s

index 00000004

Symbol: index
   Definitions
      At line 18 in file Src\GestionSon.s
   Uses
      At line 19 in file Src\GestionSon.s
      At line 46 in file Src\GestionSon.s
      At line 62 in file Src\GestionSon.s

maram 00000000

Symbol: maram
   Definitions
      At line 11 in file Src\GestionSon.s
   Uses
      None
Comment: maram unused
3 symbols



ARM Macro Assembler    Page 1 Alphabetic symbol ordering
Relocatable symbols

SUITE 00000046

Symbol: SUITE
   Definitions
      At line 97 in file Src\GestionSon.s
   Uses
      At line 71 in file Src\GestionSon.s
Comment: SUITE used once
callback_son 0000000A

Symbol: callback_son
   Definitions
      At line 54 in file Src\GestionSon.s
   Uses
      At line 53 in file Src\GestionSon.s
Comment: callback_son used once
moncode 00000000

Symbol: moncode
   Definitions
      At line 35 in file Src\GestionSon.s
   Uses
      None
Comment: moncode unused
start_son 00000000

Symbol: start_son
   Definitions
      At line 45 in file Src\GestionSon.s
   Uses
      At line 44 in file Src\GestionSon.s
Comment: start_son used once
4 symbols



ARM Macro Assembler    Page 1 Alphabetic symbol ordering
External symbols

LongueurSon 00000000

Symbol: LongueurSon
   Definitions
      At line 41 in file Src\GestionSon.s
   Uses
      At line 67 in file Src\GestionSon.s
Comment: LongueurSon used once
PWM_Set_Value_TIM3_Ch3 00000000

Symbol: PWM_Set_Value_TIM3_Ch3
   Definitions
      At line 42 in file Src\GestionSon.s
   Uses
      At line 94 in file Src\GestionSon.s
Comment: PWM_Set_Value_TIM3_Ch3 used once
Son 00000000

Symbol: Son
   Definitions
      At line 40 in file Src\GestionSon.s
   Uses
      At line 60 in file Src\GestionSon.s
Comment: Son used once
3 symbols
348 symbols in table
