


ARM Macro Assembler    Page 1 


    1 00000000                 PRESERVE8
    2 00000000                 THUMB
    3 00000000         
    4 00000000         
    5 00000000         ; ====================== zone de réservation de données,
                         ======================================
    6 00000000         ;Section RAM (read only) :
    7 00000000                 area             mesdata,data,readonly
    8 00000000         
    9 00000000         
   10 00000000         ;Section RAM (read write):
   11 00000000                 area             maram,data,readwrite
   12 00000000         
   13 00000000         
   14 00000000         
   15 00000000         ; ======================================================
                       =========================================
   16 00000000         
   17 00000000         
   18 00000000         
   19 00000000         
   20 00000000         ;Section ROM code (read only) :  
   21 00000000                 area             moncode,code,readonly
   22 00000000         ; écrire le code ici  
   23 00000000         
   24 00000000         
   25 00000000                 export           DFT_ModuleAuCarre
   26 00000000         ;int DFT_ModuleAuCarre( short int * Signal64ech, char k)
                        ;
   27 00000000         
   28 00000000         DFT_ModuleAuCarre
                               proc
   29 00000000         ;on prend de la plaaaace
   30 00000000 B500            push             {lr}
   31 00000002 B410            push             {r4}
   32 00000004 B420            push             {r5}
   33 00000006 B440            push             {r6}
   34 00000008 B480            push             {r7}
   35 0000000A F84D 8D04       push             {r8}
   36 0000000E F84D 9D04       push             {r9}
   37 00000012         
   38 00000012         ; à faire
   39 00000012         ;partie réelle:
   40 00000012         ;somme de 0 à M-1 de' x(n)*cos(2 pi/M * k*n)'
   41 00000012         
   42 00000012         ;index=0
   43 00000012 F04F 0300       mov              r3,#0
   44 00000016         ;notre somme
   45 00000016 F04F 0800       mov              r8,#0
   46 0000001A F04F 0900       mov              r9,#0
   47 0000001E 4C11            ldr              r4,=TabCos
   48 00000020 F04F 0600       mov              r6,#0
   49 00000024 4409            add              r1,r1
   50 00000026         DEBUT
   51 00000026         ;r2=Signal[index]
   52 00000026 5F82            ldrsh            r2,[r0,r6]
   53 00000028         ;r5=TabCos[index]
   54 00000028 5EE5            ldrsh            r5,[r4,r3]
   55 0000002A         ;cos*signal



ARM Macro Assembler    Page 2 


   56 0000002A FB02 F205       mul              r2,r5
   57 0000002E         ;somme+=cos*signal
   58 0000002E EB48 0802       adc              r8,r2
   59 00000032 D301            bcc              nocarry
   60 00000034 F109 0901       add              r9,#1
   61 00000038         nocarry
   62 00000038         
   63 00000038 440B            add              r3,r1
   64 0000003A 2B80            cmp              r3,#128
   65 0000003C D401            bmi              SUITE
   66 0000003E F1A3 0380       sub              r3,#128
   67 00000042         SUITE
   68 00000042         
   69 00000042 F106 0602       add              r6,#2
   70 00000046 2E80            cmp              r6,#128
   71 00000048 D1ED            bne              DEBUT
   72 0000004A         
   73 0000004A FB88 1008       smull            r1,r0,r8,r8
   74 0000004E         
   75 0000004E F85D 9B04       pop              {r9}
   76 00000052 F85D 8B04       pop              {r8}
   77 00000056 BC80            pop              {r7}
   78 00000058 BC40            pop              {r6}
   79 0000005A BC20            pop              {r5}
   80 0000005C BC10            pop              {r4}
   81 0000005E F85D EB04       pop              {lr}
   82 00000062 4770            bx               lr
   83 00000064                 endp
   84 00000064         
   85 00000064         
   86 00000064         ;Section ROM code (read only) :  
   87 00000064 00000000        AREA             Trigo, DATA, READONLY
   88 00000000         ; codage fractionnaire 1.15
   89 00000000         
   90 00000000         TabCos
   91 00000000 FF 7F           DCW              32767       ;  0 0x7fff  0.9999
                                                            7
   92 00000002 62 7F           DCW              32610       ;  1 0x7f62  0.9951
                                                            8
   93 00000004 8A 7D           DCW              32138       ;  2 0x7d8a  0.9807
                                                            7
   94 00000006 7D 7A           DCW              31357       ;  3 0x7a7d  0.9569
                                                            4
   95 00000008 42 76           DCW              30274       ;  4 0x7642  0.9238
                                                            9
   96 0000000A E3 70           DCW              28899       ;  5 0x70e3  0.8819
                                                            3
   97 0000000C 6E 6A           DCW              27246       ;  6 0x6a6e  0.8314
                                                            8
   98 0000000E F2 62           DCW              25330       ;  7 0x62f2  0.7730
                                                            1
   99 00000010 82 5A           DCW              23170       ;  8 0x5a82  0.7070
                                                            9
  100 00000012 34 51           DCW              20788       ;  9 0x5134  0.6344
                                                            0
  101 00000014 1D 47           DCW              18205       ; 10 0x471d  0.5555
                                                            7
  102 00000016 57 3C           DCW              15447       ; 11 0x3c57  0.4714
                                                            1



ARM Macro Assembler    Page 3 


  103 00000018 FC 30           DCW              12540       ; 12 0x30fc  0.3826
                                                            9
  104 0000001A 28 25           DCW              9512        ; 13 0x2528  0.2902
                                                            8
  105 0000001C F9 18           DCW              6393        ; 14 0x18f9  0.1951
                                                            0
  106 0000001E 8C 0C           DCW              3212        ; 15 0x0c8c  0.0980
                                                            2
  107 00000020 00 00           DCW              0           ; 16 0x0000  0.0000
                                                            0
  108 00000022 74 F3           DCW              -3212       ; 17 0xf374 -0.0980
                                                            2
  109 00000024 07 E7           DCW              -6393       ; 18 0xe707 -0.1951
                                                            0
  110 00000026 D8 DA           DCW              -9512       ; 19 0xdad8 -0.2902
                                                            8
  111 00000028 04 CF           DCW              -12540      ; 20 0xcf04 -0.3826
                                                            9
  112 0000002A A9 C3           DCW              -15447      ; 21 0xc3a9 -0.4714
                                                            1
  113 0000002C E3 B8           DCW              -18205      ; 22 0xb8e3 -0.5555
                                                            7
  114 0000002E CC AE           DCW              -20788      ; 23 0xaecc -0.6344
                                                            0
  115 00000030 7E A5           DCW              -23170      ; 24 0xa57e -0.7070
                                                            9
  116 00000032 0E 9D           DCW              -25330      ; 25 0x9d0e -0.7730
                                                            1
  117 00000034 92 95           DCW              -27246      ; 26 0x9592 -0.8314
                                                            8
  118 00000036 1D 8F           DCW              -28899      ; 27 0x8f1d -0.8819
                                                            3
  119 00000038 BE 89           DCW              -30274      ; 28 0x89be -0.9238
                                                            9
  120 0000003A 83 85           DCW              -31357      ; 29 0x8583 -0.9569
                                                            4
  121 0000003C 76 82           DCW              -32138      ; 30 0x8276 -0.9807
                                                            7
  122 0000003E 9E 80           DCW              -32610      ; 31 0x809e -0.9951
                                                            8
  123 00000040 00 80           DCW              -32768      ; 32 0x8000 -1.0000
                                                            0
  124 00000042 9E 80           DCW              -32610      ; 33 0x809e -0.9951
                                                            8
  125 00000044 76 82           DCW              -32138      ; 34 0x8276 -0.9807
                                                            7
  126 00000046 83 85           DCW              -31357      ; 35 0x8583 -0.9569
                                                            4
  127 00000048 BE 89           DCW              -30274      ; 36 0x89be -0.9238
                                                            9
  128 0000004A 1D 8F           DCW              -28899      ; 37 0x8f1d -0.8819
                                                            3
  129 0000004C 92 95           DCW              -27246      ; 38 0x9592 -0.8314
                                                            8
  130 0000004E 0E 9D           DCW              -25330      ; 39 0x9d0e -0.7730
                                                            1
  131 00000050 7E A5           DCW              -23170      ; 40 0xa57e -0.7070
                                                            9
  132 00000052 CC AE           DCW              -20788      ; 41 0xaecc -0.6344



ARM Macro Assembler    Page 4 


                                                            0
  133 00000054 E3 B8           DCW              -18205      ; 42 0xb8e3 -0.5555
                                                            7
  134 00000056 A9 C3           DCW              -15447      ; 43 0xc3a9 -0.4714
                                                            1
  135 00000058 04 CF           DCW              -12540      ; 44 0xcf04 -0.3826
                                                            9
  136 0000005A D8 DA           DCW              -9512       ; 45 0xdad8 -0.2902
                                                            8
  137 0000005C 07 E7           DCW              -6393       ; 46 0xe707 -0.1951
                                                            0
  138 0000005E 74 F3           DCW              -3212       ; 47 0xf374 -0.0980
                                                            2
  139 00000060 00 00           DCW              0           ; 48 0x0000  0.0000
                                                            0
  140 00000062 8C 0C           DCW              3212        ; 49 0x0c8c  0.0980
                                                            2
  141 00000064 F9 18           DCW              6393        ; 50 0x18f9  0.1951
                                                            0
  142 00000066 28 25           DCW              9512        ; 51 0x2528  0.2902
                                                            8
  143 00000068 FC 30           DCW              12540       ; 52 0x30fc  0.3826
                                                            9
  144 0000006A 57 3C           DCW              15447       ; 53 0x3c57  0.4714
                                                            1
  145 0000006C 1D 47           DCW              18205       ; 54 0x471d  0.5555
                                                            7
  146 0000006E 34 51           DCW              20788       ; 55 0x5134  0.6344
                                                            0
  147 00000070 82 5A           DCW              23170       ; 56 0x5a82  0.7070
                                                            9
  148 00000072 F2 62           DCW              25330       ; 57 0x62f2  0.7730
                                                            1
  149 00000074 6E 6A           DCW              27246       ; 58 0x6a6e  0.8314
                                                            8
  150 00000076 E3 70           DCW              28899       ; 59 0x70e3  0.8819
                                                            3
  151 00000078 42 76           DCW              30274       ; 60 0x7642  0.9238
                                                            9
  152 0000007A 7D 7A           DCW              31357       ; 61 0x7a7d  0.9569
                                                            4
  153 0000007C 8A 7D           DCW              32138       ; 62 0x7d8a  0.9807
                                                            7
  154 0000007E 62 7F           DCW              32610       ; 63 0x7f62  0.9951
                                                            8
  155 00000080         
  156 00000080         TabSin
  157 00000080 00 00           DCW              0           ;  0 0x0000  0.0000
                                                            0
  158 00000082 8C 0C           DCW              3212        ;  1 0x0c8c  0.0980
                                                            2
  159 00000084 F9 18           DCW              6393        ;  2 0x18f9  0.1951
                                                            0
  160 00000086 28 25           DCW              9512        ;  3 0x2528  0.2902
                                                            8
  161 00000088 FC 30           DCW              12540       ;  4 0x30fc  0.3826
                                                            9
  162 0000008A 57 3C           DCW              15447       ;  5 0x3c57  0.4714
                                                            1



ARM Macro Assembler    Page 5 


  163 0000008C 1D 47           DCW              18205       ;  6 0x471d  0.5555
                                                            7
  164 0000008E 34 51           DCW              20788       ;  7 0x5134  0.6344
                                                            0
  165 00000090 82 5A           DCW              23170       ;  8 0x5a82  0.7070
                                                            9
  166 00000092 F2 62           DCW              25330       ;  9 0x62f2  0.7730
                                                            1
  167 00000094 6E 6A           DCW              27246       ; 10 0x6a6e  0.8314
                                                            8
  168 00000096 E3 70           DCW              28899       ; 11 0x70e3  0.8819
                                                            3
  169 00000098 42 76           DCW              30274       ; 12 0x7642  0.9238
                                                            9
  170 0000009A 7D 7A           DCW              31357       ; 13 0x7a7d  0.9569
                                                            4
  171 0000009C 8A 7D           DCW              32138       ; 14 0x7d8a  0.9807
                                                            7
  172 0000009E 62 7F           DCW              32610       ; 15 0x7f62  0.9951
                                                            8
  173 000000A0 FF 7F           DCW              32767       ; 16 0x7fff  0.9999
                                                            7
  174 000000A2 62 7F           DCW              32610       ; 17 0x7f62  0.9951
                                                            8
  175 000000A4 8A 7D           DCW              32138       ; 18 0x7d8a  0.9807
                                                            7
  176 000000A6 7D 7A           DCW              31357       ; 19 0x7a7d  0.9569
                                                            4
  177 000000A8 42 76           DCW              30274       ; 20 0x7642  0.9238
                                                            9
  178 000000AA E3 70           DCW              28899       ; 21 0x70e3  0.8819
                                                            3
  179 000000AC 6E 6A           DCW              27246       ; 22 0x6a6e  0.8314
                                                            8
  180 000000AE F2 62           DCW              25330       ; 23 0x62f2  0.7730
                                                            1
  181 000000B0 82 5A           DCW              23170       ; 24 0x5a82  0.7070
                                                            9
  182 000000B2 34 51           DCW              20788       ; 25 0x5134  0.6344
                                                            0
  183 000000B4 1D 47           DCW              18205       ; 26 0x471d  0.5555
                                                            7
  184 000000B6 57 3C           DCW              15447       ; 27 0x3c57  0.4714
                                                            1
  185 000000B8 FC 30           DCW              12540       ; 28 0x30fc  0.3826
                                                            9
  186 000000BA 28 25           DCW              9512        ; 29 0x2528  0.2902
                                                            8
  187 000000BC F9 18           DCW              6393        ; 30 0x18f9  0.1951
                                                            0
  188 000000BE 8C 0C           DCW              3212        ; 31 0x0c8c  0.0980
                                                            2
  189 000000C0 00 00           DCW              0           ; 32 0x0000  0.0000
                                                            0
  190 000000C2 74 F3           DCW              -3212       ; 33 0xf374 -0.0980
                                                            2
  191 000000C4 07 E7           DCW              -6393       ; 34 0xe707 -0.1951
                                                            0
  192 000000C6 D8 DA           DCW              -9512       ; 35 0xdad8 -0.2902



ARM Macro Assembler    Page 6 


                                                            8
  193 000000C8 04 CF           DCW              -12540      ; 36 0xcf04 -0.3826
                                                            9
  194 000000CA A9 C3           DCW              -15447      ; 37 0xc3a9 -0.4714
                                                            1
  195 000000CC E3 B8           DCW              -18205      ; 38 0xb8e3 -0.5555
                                                            7
  196 000000CE CC AE           DCW              -20788      ; 39 0xaecc -0.6344
                                                            0
  197 000000D0 7E A5           DCW              -23170      ; 40 0xa57e -0.7070
                                                            9
  198 000000D2 0E 9D           DCW              -25330      ; 41 0x9d0e -0.7730
                                                            1
  199 000000D4 92 95           DCW              -27246      ; 42 0x9592 -0.8314
                                                            8
  200 000000D6 1D 8F           DCW              -28899      ; 43 0x8f1d -0.8819
                                                            3
  201 000000D8 BE 89           DCW              -30274      ; 44 0x89be -0.9238
                                                            9
  202 000000DA 83 85           DCW              -31357      ; 45 0x8583 -0.9569
                                                            4
  203 000000DC 76 82           DCW              -32138      ; 46 0x8276 -0.9807
                                                            7
  204 000000DE 9E 80           DCW              -32610      ; 47 0x809e -0.9951
                                                            8
  205 000000E0 00 80           DCW              -32768      ; 48 0x8000 -1.0000
                                                            0
  206 000000E2 9E 80           DCW              -32610      ; 49 0x809e -0.9951
                                                            8
  207 000000E4 76 82           DCW              -32138      ; 50 0x8276 -0.9807
                                                            7
  208 000000E6 83 85           DCW              -31357      ; 51 0x8583 -0.9569
                                                            4
  209 000000E8 BE 89           DCW              -30274      ; 52 0x89be -0.9238
                                                            9
  210 000000EA 1D 8F           DCW              -28899      ; 53 0x8f1d -0.8819
                                                            3
  211 000000EC 92 95           DCW              -27246      ; 54 0x9592 -0.8314
                                                            8
  212 000000EE 0E 9D           DCW              -25330      ; 55 0x9d0e -0.7730
                                                            1
  213 000000F0 7E A5           DCW              -23170      ; 56 0xa57e -0.7070
                                                            9
  214 000000F2 CC AE           DCW              -20788      ; 57 0xaecc -0.6344
                                                            0
  215 000000F4 E3 B8           DCW              -18205      ; 58 0xb8e3 -0.5555
                                                            7
  216 000000F6 A9 C3           DCW              -15447      ; 59 0xc3a9 -0.4714
                                                            1
  217 000000F8 04 CF           DCW              -12540      ; 60 0xcf04 -0.3826
                                                            9
  218 000000FA D8 DA           DCW              -9512       ; 61 0xdad8 -0.2902
                                                            8
  219 000000FC 07 E7           DCW              -6393       ; 62 0xe707 -0.1951
                                                            0
  220 000000FE 74 F3           DCW              -3212       ; 63 0xf374 -0.0980
                                                            2
  221 00000100         
  222 00000100         



ARM Macro Assembler    Page 7 


  223 00000100         
  224 00000100         
  225 00000100                 END
Command Line: --debug --xref --diag_suppress=9931 --cpu=Cortex-M3 --apcs=interw
ork --depend=.\obj\dft.d -o.\obj\dft.o -I.\RTE\_Simu -IC:\Programdata\Keil\Arm\
Packs\ARM\CMSIS\5.7.0\CMSIS\Core\Include -IC:\Programdata\Keil\Arm\Packs\Keil\S
TM32F1xx_DFP\2.3.0\Device\Include --predefine="__EVAL SETA 1" --predefine="__MI
CROLIB SETA 1" --predefine="__UVISION_VERSION SETA 530" --predefine="_RTE_ SETA
 1" --predefine="STM32F10X_MD SETA 1" --predefine="_RTE_ SETA 1" --list=dft.lst
 Src\DFT.s



ARM Macro Assembler    Page 1 Alphabetic symbol ordering
Relocatable symbols

mesdata 00000000

Symbol: mesdata
   Definitions
      At line 7 in file Src\DFT.s
   Uses
      None
Comment: mesdata unused
1 symbol



ARM Macro Assembler    Page 1 Alphabetic symbol ordering
Relocatable symbols

maram 00000000

Symbol: maram
   Definitions
      At line 11 in file Src\DFT.s
   Uses
      None
Comment: maram unused
1 symbol



ARM Macro Assembler    Page 1 Alphabetic symbol ordering
Relocatable symbols

DEBUT 00000026

Symbol: DEBUT
   Definitions
      At line 50 in file Src\DFT.s
   Uses
      At line 71 in file Src\DFT.s
Comment: DEBUT used once
DFT_ModuleAuCarre 00000000

Symbol: DFT_ModuleAuCarre
   Definitions
      At line 28 in file Src\DFT.s
   Uses
      At line 25 in file Src\DFT.s
Comment: DFT_ModuleAuCarre used once
SUITE 00000042

Symbol: SUITE
   Definitions
      At line 67 in file Src\DFT.s
   Uses
      At line 65 in file Src\DFT.s
Comment: SUITE used once
moncode 00000000

Symbol: moncode
   Definitions
      At line 21 in file Src\DFT.s
   Uses
      None
Comment: moncode unused
nocarry 00000038

Symbol: nocarry
   Definitions
      At line 61 in file Src\DFT.s
   Uses
      At line 59 in file Src\DFT.s
Comment: nocarry used once
5 symbols



ARM Macro Assembler    Page 1 Alphabetic symbol ordering
Relocatable symbols

TabCos 00000000

Symbol: TabCos
   Definitions
      At line 90 in file Src\DFT.s
   Uses
      At line 47 in file Src\DFT.s
Comment: TabCos used once
TabSin 00000080

Symbol: TabSin
   Definitions
      At line 156 in file Src\DFT.s
   Uses
      None
Comment: TabSin unused
Trigo 00000000

Symbol: Trigo
   Definitions
      At line 87 in file Src\DFT.s
   Uses
      None
Comment: Trigo unused
3 symbols
347 symbols in table
