


ARM Macro Assembler    Page 1 


    1 00000000                 PRESERVE8
    2 00000000                 THUMB
    3 00000000         
    4 00000000         
    5 00000000         ; ====================== zone de réservation de données,
                         ======================================
    6 00000000         ;Section RAM (read only) : genre malloc
    7 00000000                 area             mesdata,data,readonly
    8 00000000         
    9 00000000         
   10 00000000         ;Section RAM (read write):
   11 00000000                 area             maram,data,readwrite
   12 00000000         
   13 00000000         ;miste à zero de vartime
   14 00000000 00000000 
                       VarTime dcd              0
   15 00000004                 EXPORT           VarTime     ;DIRECTIVES DOIVENT
                                                             ETRE DECALEES!
   16 00000004         
   17 00000004         ; ======================================================
                       =========================================
   18 00000004         
   19 00000004         ;constantes (équivalent du #define en C)
   20 00000004 000DBBA0 
                       TimeValue
                               equ              900000
   21 00000004         
   22 00000004                 EXPORT           Delay_100ms ; la fonction Delay
                                                            _100ms est rendue p
                                                            ublique donc utilis
                                                            able par d'autres m
                                                            odules.
   23 00000004         
   24 00000004         
   25 00000004         ;Section ROM code (read only) :  
   26 00000004                 area             moncode,code,readonly
   27 00000000         
   28 00000000         
   29 00000000         ; REMARQUE IMPORTANTE 
   30 00000000         ; Cette manière de créer une temporisation n'est clairem
                       ent pas la bonne manière de procéder :
   31 00000000         ; - elle est peu précise
   32 00000000         ; - la fonction prend tout le temps CPU pour... ne rien 
                       faire...
   33 00000000         ;
   34 00000000         ; Pour autant, la fonction montre :
   35 00000000         ; - les boucles en ASM
   36 00000000         ; - l'accés écr/lec de variable en RAM
   37 00000000         ; - le mécanisme d'appel / retour sous programme
   38 00000000         ;
   39 00000000         ; et donc possède un intérêt pour débuter en ASM pur
   40 00000000         
   41 00000000         ;définit le début de la procédure
   42 00000000         Delay_100ms
                               proc
   43 00000000         ;mets la valeur de vartime dans r0
   44 00000000 4803            ldr              r0,=VarTime ;ro=vartime    
   45 00000002         ;pareil     
   46 00000002 4904            ldr              r1,=TimeValue ;ri=timevalue



ARM Macro Assembler    Page 2 


   47 00000004         ;mets la valeur de r1 dans r0 les 32
   48 00000004 6001            str              r1,[r0]
   49 00000006         ;repère pour boucler
   50 00000006         BoucleTempo
   51 00000006         ;recherche en mémoire à l'adresse r0 et placé dans r1
   52 00000006 6801            ldr              r1,[r0]
   53 00000008         ;soustraire 1 à r1 et le S est la pour mettre à jour le 
                       flag (qui permet de boucler après)
   54 00000008 3901            subs             r1,#1
   55 0000000A         ; mettre ne mémoire
   56 0000000A 6001            str              r1,[r0]
   57 0000000C         ;regarde si le flag Z est à 1 et sinon il boucle 
   58 0000000C D1FB            bne              BoucleTempo
   59 0000000E         ;saute à l'adresse contenue dans lr qui est le retour de
                        la fonction delay_100ms
   60 0000000E 4770            bx               lr
   61 00000010         
   62 00000010                 endp
   63 00000010         
   64 00000010         
   65 00000010                 END
              00000000 
              000DBBA0 
Command Line: --debug --xref --diag_suppress=9931 --cpu=Cortex-M3 --apcs=interw
ork --depend=.\obj\delay.d -o.\obj\delay.o -I.\RTE\_CibleSondeKEIL -IC:\Program
data\Keil\Arm\Packs\ARM\CMSIS\5.7.0\CMSIS\Core\Include -IC:\Programdata\Keil\Ar
m\Packs\Keil\STM32F1xx_DFP\2.3.0\Device\Include --predefine="__EVAL SETA 1" --p
redefine="__MICROLIB SETA 1" --predefine="__UVISION_VERSION SETA 530" --predefi
ne="_RTE_ SETA 1" --predefine="STM32F10X_MD SETA 1" --predefine="_RTE_ SETA 1" 
--list=delay.lst Src\Delay.s



ARM Macro Assembler    Page 1 Alphabetic symbol ordering
Relocatable symbols

mesdata 00000000

Symbol: mesdata
   Definitions
      At line 7 in file Src\Delay.s
   Uses
      None
Comment: mesdata unused
1 symbol



ARM Macro Assembler    Page 1 Alphabetic symbol ordering
Relocatable symbols

VarTime 00000000

Symbol: VarTime
   Definitions
      At line 14 in file Src\Delay.s
   Uses
      At line 15 in file Src\Delay.s
      At line 44 in file Src\Delay.s

maram 00000000

Symbol: maram
   Definitions
      At line 11 in file Src\Delay.s
   Uses
      None
Comment: maram unused
2 symbols



ARM Macro Assembler    Page 1 Alphabetic symbol ordering
Relocatable symbols

BoucleTempo 00000006

Symbol: BoucleTempo
   Definitions
      At line 50 in file Src\Delay.s
   Uses
      At line 58 in file Src\Delay.s
Comment: BoucleTempo used once
Delay_100ms 00000000

Symbol: Delay_100ms
   Definitions
      At line 42 in file Src\Delay.s
   Uses
      At line 22 in file Src\Delay.s
Comment: Delay_100ms used once
moncode 00000000

Symbol: moncode
   Definitions
      At line 26 in file Src\Delay.s
   Uses
      None
Comment: moncode unused
3 symbols



ARM Macro Assembler    Page 1 Alphabetic symbol ordering
Absolute symbols

TimeValue 000DBBA0

Symbol: TimeValue
   Definitions
      At line 20 in file Src\Delay.s
   Uses
      At line 46 in file Src\Delay.s
Comment: TimeValue used once
1 symbol
344 symbols in table
